  graph.cpp
C:\Users\ADMIN\source\repos\Project2\Project2\graph.cpp(590,31): warning C4244: 'argument': conversion from 'double' to 'const _Ty', possible loss of data
C:\Users\ADMIN\source\repos\Project2\Project2\graph.cpp(590,31): warning C4244:         with
C:\Users\ADMIN\source\repos\Project2\Project2\graph.cpp(590,31): warning C4244:         [
C:\Users\ADMIN\source\repos\Project2\Project2\graph.cpp(590,31): warning C4244:             _Ty=__int64
C:\Users\ADMIN\source\repos\Project2\Project2\graph.cpp(590,31): warning C4244:         ]
C:\Program Files\Microsoft Visual Studio\2022\Community\VC\Tools\MSVC\14.39.33519\include\utility(250,16): warning C4244: 'initializing': conversion from '_Ty' to '_Ty1', possible loss of data
C:\Program Files\Microsoft Visual Studio\2022\Community\VC\Tools\MSVC\14.39.33519\include\utility(250,16): warning C4244:         with
C:\Program Files\Microsoft Visual Studio\2022\Community\VC\Tools\MSVC\14.39.33519\include\utility(250,16): warning C4244:         [
C:\Program Files\Microsoft Visual Studio\2022\Community\VC\Tools\MSVC\14.39.33519\include\utility(250,16): warning C4244:             _Ty=__int64
C:\Program Files\Microsoft Visual Studio\2022\Community\VC\Tools\MSVC\14.39.33519\include\utility(250,16): warning C4244:         ]
C:\Program Files\Microsoft Visual Studio\2022\Community\VC\Tools\MSVC\14.39.33519\include\utility(250,16): warning C4244:         and
C:\Program Files\Microsoft Visual Studio\2022\Community\VC\Tools\MSVC\14.39.33519\include\utility(250,16): warning C4244:         [
C:\Program Files\Microsoft Visual Studio\2022\Community\VC\Tools\MSVC\14.39.33519\include\utility(250,16): warning C4244:             _Ty1=int
C:\Program Files\Microsoft Visual Studio\2022\Community\VC\Tools\MSVC\14.39.33519\include\utility(250,16): warning C4244:         ]
  (compiling source file 'graph.cpp')
  C:\Program Files\Microsoft Visual Studio\2022\Community\VC\Tools\MSVC\14.39.33519\include\utility(250,16):
  the template instantiation context (the oldest one first) is
  	C:\Users\ADMIN\source\repos\Project2\Project2\graph.cpp(606,12):
  	see reference to function template instantiation 'std::pair<int,int>::pair<_Ty&,int&,0>(_Other1,_Other2) noexcept' being compiled
          with
          [
              _Ty=__int64,
              _Other1=__int64 &,
              _Other2=int &
          ]
  		C:\Users\ADMIN\source\repos\Project2\Project2\graph.cpp(606,11):
  		see the first reference to 'std::pair<int,int>::pair' in 'DoThi::dijkstra'
  
  Project2.vcxproj -> C:\Users\ADMIN\source\repos\Project2\x64\Debug\Project2.exe
